<?xml version="1.0" encoding="UTF-8"?>
<!-- Generated by org.testng.reporters.JUnitReportReporter -->
<testsuite hostname="Krishnarao" failures="0" tests="1" name="core.TestRunner" time="4.781" errors="0" timestamp="4 May 2022 13:52:44 GMT">
  <testcase classname="core.TestRunner" name="runScenario" time="4.781"/>
</testsuite> <!-- core.TestRunner -->
