<?xml version="1.0" encoding="UTF-8"?>
<!-- Generated by org.testng.reporters.JUnitReportReporter -->
<testsuite hostname="Krishnarao" failures="0" tests="2" name="core.TestRunner" time="33.371" errors="0" timestamp="10 May 2022 17:40:05 GMT">
  <testcase classname="core.TestRunner" name="runScenario" time="17.326"/>
  <testcase classname="core.TestRunner" name="runScenario" time="16.045"/>
</testsuite> <!-- core.TestRunner -->
