<?xml version="1.0" encoding="UTF-8"?>
<!-- Generated by org.testng.reporters.JUnitReportReporter -->
<testsuite hostname="Krishnarao" failures="0" tests="3" name="core.TestRunner" time="18.720" errors="0" timestamp="8 May 2022 17:27:39 GMT">
  <testcase classname="core.TestRunner" name="runScenario" time="2.714"/>
  <testcase classname="core.TestRunner" name="runScenario" time="6.577"/>
  <testcase classname="core.TestRunner" name="runScenario" time="9.429"/>
</testsuite> <!-- core.TestRunner -->
